<?xml version="1.0" encoding="UTF-8"?>
<testsuite xmlns:xsi="http://www.w3.org/2001/XMLSchema-instance" xsi:noNamespaceSchemaLocation="https://maven.apache.org/surefire/maven-surefire-plugin/xsd/surefire-test-report-3.0.xsd" version="3.0" name="TestCalculadora" time="0.19" tests="41" errors="0" skipped="0" failures="0">
  <properties>
[...]
</properties>
  <testcase name="testSomarCSV(float, float, float)[1]" classname="TestCalculadora" time="0.049">
    <system-out><![CDATA[A soma de 5.0 e 3.0 é: 8.0
]]></system-out>
  </testcase>
  <testcase name="testSomarCSV(float, float, float)[2]" classname="TestCalculadora" time="0.001">
    <system-out><![CDATA[A soma de 10.0 e 2.0 é: 12.0
]]></system-out>
  </testcase>
  <testcase name="testSomarCSV(float, float, float)[3]" classname="TestCalculadora" time="0.0">
    <system-out><![CDATA[A soma de 7.0 e 5.0 é: 12.0
]]></system-out>
  </testcase>
  <testcase name="testSomarCSV(float, float, float)[4]" classname="TestCalculadora" time="0.001">
    <system-out><![CDATA[A soma de -5.0 e -3.0 é: -8.0
]]></system-out>
  </testcase>
  <testcase name="testSomarCSV(float, float, float)[5]" classname="TestCalculadora" time="0.0">
    <system-out><![CDATA[A soma de -7.0 e 3.0 é: -4.0
]]></system-out>
  </testcase>
  <testcase name="testSomarCSV(float, float, float)[6]" classname="TestCalculadora" time="0.002">
    <system-out><![CDATA[A soma de -1.0 e -1.0 é: -2.0
]]></system-out>
  </testcase>
  <testcase name="testSubtrairComMassa(float, float, float)[1]" classname="TestCalculadora" time="0.001">
    <system-out><![CDATA[A subtração de 5.0 e 3.0 é: 2.0
]]></system-out>
  </testcase>
  <testcase name="testSubtrairComMassa(float, float, float)[2]" classname="TestCalculadora" time="0.0">
    <system-out><![CDATA[A subtração de 10.0 e 2.0 é: 8.0
]]></system-out>
  </testcase>
  <testcase name="testSubtrairComMassa(float, float, float)[3]" classname="TestCalculadora" time="0.001">
    <system-out><![CDATA[A subtração de 7.0 e 5.0 é: 2.0
]]></system-out>
  </testcase>
  <testcase name="testSubtrairComMassa(float, float, float)[4]" classname="TestCalculadora" time="0.001">
    <system-out><![CDATA[A subtração de -5.0 e -3.0 é: -2.0
]]></system-out>
  </testcase>
  <testcase name="testSubtrairComMassa(float, float, float)[5]" classname="TestCalculadora" time="0.001">
    <system-out><![CDATA[A subtração de -7.0 e 3.0 é: -10.0
]]></system-out>
  </testcase>
  <testcase name="testSubtrairComMassa(float, float, float)[6]" classname="TestCalculadora" time="0.001">
    <system-out><![CDATA[A subtração de -1.0 e -1.0 é: 0.0
]]></system-out>
  </testcase>
  <testcase name="testSubtrair" classname="TestCalculadora" time="0.003">
    <system-out><![CDATA[A subtração de 5.0 e 3.0 é: 2.0
]]></system-out>
  </testcase>
  <testcase name="testSomar" classname="TestCalculadora" time="0.0">
    <system-out><![CDATA[A soma de 5.0 e 3.0 é: 8.0
]]></system-out>
  </testcase>
  <testcase name="testMultiplicarComMassa(float, float, float)[1]" classname="TestCalculadora" time="0.001">
    <system-out><![CDATA[A multiplicação de 5.0 e 3.0 é: 15.0
]]></system-out>
  </testcase>
  <testcase name="testMultiplicarComMassa(float, float, float)[2]" classname="TestCalculadora" time="0.001">
    <system-out><![CDATA[A multiplicação de 10.0 e 2.0 é: 20.0
]]></system-out>
  </testcase>
  <testcase name="testMultiplicarComMassa(float, float, float)[3]" classname="TestCalculadora" time="0.001">
    <system-out><![CDATA[A multiplicação de 7.0 e 5.0 é: 35.0
]]></system-out>
  </testcase>
  <testcase name="testMultiplicarComMassa(float, float, float)[4]" classname="TestCalculadora" time="0.002">
    <system-out><![CDATA[A multiplicação de -5.0 e -3.0 é: 15.0
]]></system-out>
  </testcase>
  <testcase name="testMultiplicarComMassa(float, float, float)[5]" classname="TestCalculadora" time="0.0">
    <system-out><![CDATA[A multiplicação de -7.0 e 3.0 é: -21.0
]]></system-out>
  </testcase>
  <testcase name="testMultiplicarComMassa(float, float, float)[6]" classname="TestCalculadora" time="0.001">
    <system-out><![CDATA[A multiplicação de -1.0 e -1.0 é: 1.0
]]></system-out>
  </testcase>
  <testcase name="testDividirPorZeroComMassa(float, float, String)[1]" classname="TestCalculadora" time="0.004"/>
  <testcase name="testDividirPorZeroComMassa(float, float, String)[2]" classname="TestCalculadora" time="0.001"/>
  <testcase name="testDividirPorZeroComMassa(float, float, String)[3]" classname="TestCalculadora" time="0.0"/>
  <testcase name="testDividirPorZeroComMassa(float, float, String)[4]" classname="TestCalculadora" time="0.0"/>
  <testcase name="testDividirPorZeroComMassa(float, float, String)[5]" classname="TestCalculadora" time="0.0"/>
  <testcase name="testDividirPorZeroComMassa(float, float, String)[6]" classname="TestCalculadora" time="0.0"/>
  <testcase name="testSomarComMassa(float, float, float)[1]" classname="TestCalculadora" time="0.001">
    <system-out><![CDATA[A soma de 5.0 e 3.0 é: 8.0
]]></system-out>
  </testcase>
  <testcase name="testSomarComMassa(float, float, float)[2]" classname="TestCalculadora" time="0.0">
    <system-out><![CDATA[A soma de 10.0 e 2.0 é: 12.0
]]></system-out>
  </testcase>
  <testcase name="testSomarComMassa(float, float, float)[3]" classname="TestCalculadora" time="0.001">
    <system-out><![CDATA[A soma de 7.0 e 5.0 é: 12.0
]]></system-out>
  </testcase>
  <testcase name="testSomarComMassa(float, float, float)[4]" classname="TestCalculadora" time="0.001">
    <system-out><![CDATA[A soma de -5.0 e -3.0 é: -8.0
]]></system-out>
  </testcase>
  <testcase name="testSomarComMassa(float, float, float)[5]" classname="TestCalculadora" time="0.001">
    <system-out><![CDATA[A soma de -7.0 e 3.0 é: -4.0
]]></system-out>
  </testcase>
  <testcase name="testSomarComMassa(float, float, float)[6]" classname="TestCalculadora" time="0.001">
    <system-out><![CDATA[A soma de -1.0 e -1.0 é: -2.0
]]></system-out>
  </testcase>
  <testcase name="testMultiplicar" classname="TestCalculadora" time="0.002">
    <system-out><![CDATA[A multiplicação de 5.0 e 3.0 é: 15.0
]]></system-out>
  </testcase>
  <testcase name="testDividirComMassa(float, float, float)[1]" classname="TestCalculadora" time="0.0"/>
  <testcase name="testDividirComMassa(float, float, float)[2]" classname="TestCalculadora" time="0.0"/>
  <testcase name="testDividirComMassa(float, float, float)[3]" classname="TestCalculadora" time="0.0"/>
  <testcase name="testDividirComMassa(float, float, float)[4]" classname="TestCalculadora" time="0.0"/>
  <testcase name="testDividirComMassa(float, float, float)[5]" classname="TestCalculadora" time="0.0"/>
  <testcase name="testDividirComMassa(float, float, float)[6]" classname="TestCalculadora" time="0.0"/>
  <testcase name="testDividirPorZero" classname="TestCalculadora" time="0.0"/>
  <testcase name="testDividir" classname="TestCalculadora" time="0.001"/>
</testsuite>